[ {
  "line" : 1,
  "elements" : [ {
    "start_timestamp" : "2020-09-14T15:01:57.384Z",
    "before" : [ {
      "result" : {
        "duration" : 5839121500,
        "status" : "passed"
      },
      "match" : {
        "location" : "steps.StepHooks.beforeScenario(Scenario) in file:/D:/Projects/Eclipse_demo/seleniumFramework/sfTest/target/classes/"
      }
    } ],
    "line" : 13,
    "name" : "Log in with invalid credentials",
    "description" : "",
    "id" : "sign-in-functionality-check;log-in-with-invalid-credentials;;2",
    "after" : [ {
      "result" : {
        "error_message" : "org.openqa.selenium.WebDriverException: chrome not reachable\n  (Session info: chrome=85.0.4183.102)\n  (Driver info: chromedriver=2.38.552522 (437e6fbedfa8762dec75e2c5b3ddb86763dc9dcb),platform=Windows NT 10.0.19041 x86_64) (WARNING: The server did not provide any stacktrace information)\nCommand duration or timeout: 0 milliseconds\nBuild info: version: '3.12.0', revision: '7c6e0b3', time: '2018-05-08T14:04:26.12Z'\nSystem info: host: 'LAPTOP-41R0DTGP', ip: '192.168.18.7', os.name: 'Windows 10', os.arch: 'amd64', os.version: '10.0', java.version: '13'\nDriver info: org.openqa.selenium.chrome.ChromeDriver\nCapabilities {acceptInsecureCerts: false, acceptSslCerts: false, applicationCacheEnabled: false, browserConnectionEnabled: false, browserName: chrome, chrome: {chromedriverVersion: 2.38.552522 (437e6fbedfa876..., userDataDir: C:\\Users\\NAVANE~1\\AppData\\L...}, cssSelectorsEnabled: true, databaseEnabled: false, handlesAlerts: true, hasTouchScreen: false, javascriptEnabled: true, locationContextEnabled: true, mobileEmulationEnabled: false, nativeEvents: true, networkConnectionEnabled: false, pageLoadStrategy: normal, platform: XP, platformName: XP, rotatable: false, setWindowRect: true, takesHeapSnapshot: true, takesScreenshot: true, unexpectedAlertBehaviour: , unhandledPromptBehavior: , version: 85.0.4183.102, webStorageEnabled: true}\nSession ID: 8f278efedcf38ca368e3841c7b8074e0\r\n\tat java.base/jdk.internal.reflect.NativeConstructorAccessorImpl.newInstance0(Native Method)\r\n\tat java.base/jdk.internal.reflect.NativeConstructorAccessorImpl.newInstance(NativeConstructorAccessorImpl.java:62)\r\n\tat java.base/jdk.internal.reflect.DelegatingConstructorAccessorImpl.newInstance(DelegatingConstructorAccessorImpl.java:45)\r\n\tat java.base/java.lang.reflect.Constructor.newInstanceWithCaller(Constructor.java:500)\r\n\tat java.base/java.lang.reflect.Constructor.newInstance(Constructor.java:481)\r\n\tat org.openqa.selenium.remote.ErrorHandler.createThrowable(ErrorHandler.java:214)\r\n\tat org.openqa.selenium.remote.ErrorHandler.throwIfResponseFailed(ErrorHandler.java:166)\r\n\tat org.openqa.selenium.remote.http.JsonHttpResponseCodec.reconstructValue(JsonHttpResponseCodec.java:40)\r\n\tat org.openqa.selenium.remote.http.AbstractHttpResponseCodec.decode(AbstractHttpResponseCodec.java:80)\r\n\tat org.openqa.selenium.remote.http.AbstractHttpResponseCodec.decode(AbstractHttpResponseCodec.java:44)\r\n\tat org.openqa.selenium.remote.HttpCommandExecutor.execute(HttpCommandExecutor.java:158)\r\n\tat org.openqa.selenium.remote.service.DriverCommandExecutor.execute(DriverCommandExecutor.java:83)\r\n\tat org.openqa.selenium.remote.RemoteWebDriver.execute(RemoteWebDriver.java:543)\r\n\tat org.openqa.selenium.remote.RemoteWebDriver.execute(RemoteWebDriver.java:600)\r\n\tat org.openqa.selenium.remote.RemoteWebDriver.getScreenshotAs(RemoteWebDriver.java:289)\r\n\tat steps.StepHooks.AfterScenario(StepHooks.java:39)\r\n",
        "duration" : 8127822500,
        "status" : "failed"
      },
      "match" : {
        "location" : "steps.StepHooks.AfterScenario(Scenario) in file:/D:/Projects/Eclipse_demo/seleniumFramework/sfTest/target/classes/"
      }
    }, {
      "result" : {
        "duration" : 605180800,
        "status" : "passed"
      },
      "match" : {
        "location" : "steps.DottiItemSelectSteps.teardown() in file:/D:/Projects/Eclipse_demo/seleniumFramework/sfTest/target/classes/"
      }
    } ],
    "type" : "scenario",
    "keyword" : "Scenario Outline",
    "steps" : [ {
      "result" : {
        "duration" : 3971413400,
        "status" : "passed"
      },
      "line" : 5,
      "name" : "User opens the URL \"DottiAustralia\"",
      "match" : {
        "arguments" : [ {
          "val" : "DottiAustralia",
          "offset" : 20
        } ],
        "location" : "steps.DottiItemSelectSteps.siteLaunch(String) in file:/D:/Projects/Eclipse_demo/seleniumFramework/sfTest/target/classes/"
      },
      "keyword" : "Given "
    }, {
      "result" : {
        "error_message" : "org.openqa.selenium.WebDriverException: chrome not reachable\n  (Session info: chrome=85.0.4183.102)\n  (Driver info: chromedriver=2.38.552522 (437e6fbedfa8762dec75e2c5b3ddb86763dc9dcb),platform=Windows NT 10.0.19041 x86_64) (WARNING: The server did not provide any stacktrace information)\nCommand duration or timeout: 0 milliseconds\nBuild info: version: '3.12.0', revision: '7c6e0b3', time: '2018-05-08T14:04:26.12Z'\nSystem info: host: 'LAPTOP-41R0DTGP', ip: '192.168.18.7', os.name: 'Windows 10', os.arch: 'amd64', os.version: '10.0', java.version: '13'\nDriver info: org.openqa.selenium.chrome.ChromeDriver\nCapabilities {acceptInsecureCerts: false, acceptSslCerts: false, applicationCacheEnabled: false, browserConnectionEnabled: false, browserName: chrome, chrome: {chromedriverVersion: 2.38.552522 (437e6fbedfa876..., userDataDir: C:\\Users\\NAVANE~1\\AppData\\L...}, cssSelectorsEnabled: true, databaseEnabled: false, handlesAlerts: true, hasTouchScreen: false, javascriptEnabled: true, locationContextEnabled: true, mobileEmulationEnabled: false, nativeEvents: true, networkConnectionEnabled: false, pageLoadStrategy: normal, platform: XP, platformName: XP, rotatable: false, setWindowRect: true, takesHeapSnapshot: true, takesScreenshot: true, unexpectedAlertBehaviour: , unhandledPromptBehavior: , version: 85.0.4183.102, webStorageEnabled: true}\nSession ID: 8f278efedcf38ca368e3841c7b8074e0\n*** Element info: {Using=xpath, value=//*[contains(text(),'Sign In') and @class='header__drop-link']}\r\n\tat java.base/jdk.internal.reflect.NativeConstructorAccessorImpl.newInstance0(Native Method)\r\n\tat java.base/jdk.internal.reflect.NativeConstructorAccessorImpl.newInstance(NativeConstructorAccessorImpl.java:62)\r\n\tat java.base/jdk.internal.reflect.DelegatingConstructorAccessorImpl.newInstance(DelegatingConstructorAccessorImpl.java:45)\r\n\tat java.base/java.lang.reflect.Constructor.newInstanceWithCaller(Constructor.java:500)\r\n\tat java.base/java.lang.reflect.Constructor.newInstance(Constructor.java:481)\r\n\tat org.openqa.selenium.remote.ErrorHandler.createThrowable(ErrorHandler.java:214)\r\n\tat org.openqa.selenium.remote.ErrorHandler.throwIfResponseFailed(ErrorHandler.java:166)\r\n\tat org.openqa.selenium.remote.http.JsonHttpResponseCodec.reconstructValue(JsonHttpResponseCodec.java:40)\r\n\tat org.openqa.selenium.remote.http.AbstractHttpResponseCodec.decode(AbstractHttpResponseCodec.java:80)\r\n\tat org.openqa.selenium.remote.http.AbstractHttpResponseCodec.decode(AbstractHttpResponseCodec.java:44)\r\n\tat org.openqa.selenium.remote.HttpCommandExecutor.execute(HttpCommandExecutor.java:158)\r\n\tat org.openqa.selenium.remote.service.DriverCommandExecutor.execute(DriverCommandExecutor.java:83)\r\n\tat org.openqa.selenium.remote.RemoteWebDriver.execute(RemoteWebDriver.java:543)\r\n\tat org.openqa.selenium.remote.RemoteWebDriver.findElement(RemoteWebDriver.java:317)\r\n\tat org.openqa.selenium.remote.RemoteWebDriver.findElementByXPath(RemoteWebDriver.java:419)\r\n\tat org.openqa.selenium.By$ByXPath.findElement(By.java:353)\r\n\tat org.openqa.selenium.remote.RemoteWebDriver.findElement(RemoteWebDriver.java:309)\r\n\tat com.seleniumframework.base.BaseTestFixture.waitForElement(BaseTestFixture.java:42)\r\n\tat com.seleniumframework.base.BasePage.clickOnButton(BasePage.java:100)\r\n\tat com.seleniumframework.base.BasePage.clickOnButtonByXpath(BasePage.java:122)\r\n\tat uipages.DottiSignInPage.signInOptionClick(DottiSignInPage.java:36)\r\n\tat steps.DottiSignInSteps.signInOptionClick(DottiSignInSteps.java:17)\r\n\tat âœ½.User clicks on sign in menu option(src/main/java/feature/DottiSignIn.feature:6)\r\n",
        "duration" : 8772644100,
        "status" : "failed"
      },
      "line" : 6,
      "name" : "User clicks on sign in menu option",
      "match" : {
        "location" : "steps.DottiSignInSteps.signInOptionClick() in file:/D:/Projects/Eclipse_demo/seleniumFramework/sfTest/target/classes/"
      },
      "keyword" : "Then "
    }, {
      "result" : {
        "duration" : 998200,
        "status" : "skipped"
      },
      "line" : 7,
      "name" : "Verifies the sign in page",
      "match" : {
        "location" : "steps.DottiSignInSteps.signInPageVerify() in file:/D:/Projects/Eclipse_demo/seleniumFramework/sfTest/target/classes/"
      },
      "keyword" : "And "
    }, {
      "result" : {
        "duration" : 1196000,
        "status" : "skipped"
      },
      "line" : 8,
      "name" : "User enters invalid \"ggg@gmail.com\" and \"ggggggg\"",
      "match" : {
        "arguments" : [ {
          "val" : "ggg@gmail.com",
          "offset" : 21
        }, {
          "val" : "ggggggg",
          "offset" : 41
        } ],
        "location" : "steps.DottiSignInSteps.credentialEntry(String,String) in file:/D:/Projects/Eclipse_demo/seleniumFramework/sfTest/target/classes/"
      },
      "keyword" : "Then "
    }, {
      "result" : {
        "duration" : 637100,
        "status" : "skipped"
      },
      "line" : 9,
      "name" : "Clicks on Sign in button",
      "match" : {
        "location" : "steps.DottiSignInSteps.signInButtonClick() in file:/D:/Projects/Eclipse_demo/seleniumFramework/sfTest/target/classes/"
      },
      "keyword" : "And "
    }, {
      "result" : {
        "duration" : 997100,
        "status" : "skipped"
      },
      "line" : 10,
      "name" : "Check if the error message is displayed",
      "match" : {
        "location" : "steps.DottiSignInSteps.errorMsgCheck() in file:/D:/Projects/Eclipse_demo/seleniumFramework/sfTest/target/classes/"
      },
      "keyword" : "Then "
    } ],
    "tags" : [ {
      "name" : "@DottiInvalidLogin"
    } ]
  } ],
  "name" : "Sign In Functionality Check",
  "description" : "",
  "id" : "sign-in-functionality-check",
  "keyword" : "Feature",
  "uri" : "file:src/main/java/feature/DottiSignIn.feature",
  "tags" : [ ]
} ]